app/build/outputs/apk/manifest-merger-debug-report.txt
-- Merging decision tree log ---
manifest
ADDED from AndroidManifest.xml:2:1
	package
		ADDED from AndroidManifest.xml:3:5
		INJECTED from AndroidManifest.xml:0:0
		INJECTED from AndroidManifest.xml:0:0
	android:versionName
		ADDED from AndroidManifest.xml:5:5
	android:versionCode
		ADDED from AndroidManifest.xml:4:5
		INJECTED from AndroidManifest.xml:0:0
		INJECTED from AndroidManifest.xml:0:0
	xmlns:android
		ADDED from AndroidManifest.xml:2:11
	android:installLocation
		ADDED from AndroidManifest.xml:6:5
uses-permission#android.permission.INTERNET
ADDED from AndroidManifest.xml:8:5
	android:name
		ADDED from AndroidManifest.xml:8:22
uses-permission#android.permission.ACCESS_COARSE_LOCATION
ADDED from AndroidManifest.xml:9:5
	android:name
		ADDED from AndroidManifest.xml:9:22
uses-permission#android.permission.ACCESS_FINE_LOCATION
ADDED from AndroidManifest.xml:10:5
	android:name
		ADDED from AndroidManifest.xml:10:22
uses-permission#android.permission.ACCESS_NETWORK_STATE
ADDED from AndroidManifest.xml:11:5
	android:name
		ADDED from AndroidManifest.xml:11:22
uses-permission#android.permission.ACCESS_WIFI_STATE
ADDED from AndroidManifest.xml:12:5
	android:name
		ADDED from AndroidManifest.xml:12:22
uses-permission#android.permission.ACCESS_GPS
ADDED from AndroidManifest.xml:13:5
	android:name
		ADDED from AndroidManifest.xml:13:22
uses-permission#android.permission.CAMERA
ADDED from AndroidManifest.xml:14:5
	android:name
		ADDED from AndroidManifest.xml:14:22
uses-permission#android.permission.WRITE_EXTERNAL_STORAGE
ADDED from AndroidManifest.xml:16:5
	android:name
		ADDED from AndroidManifest.xml:16:22
uses-feature#0x00020000
ADDED from AndroidManifest.xml:19:5
	android:glEsVersion
		ADDED from AndroidManifest.xml:19:19
	android:required
		ADDED from AndroidManifest.xml:19:52
uses-feature#android.hardware.camera
ADDED from AndroidManifest.xml:22:2
	android:required
		ADDED from AndroidManifest.xml:22:55
	android:name
		ADDED from AndroidManifest.xml:22:16
uses-feature#android.hardware.location
ADDED from AndroidManifest.xml:25:2
	android:required
		ADDED from AndroidManifest.xml:25:57
	android:name
		ADDED from AndroidManifest.xml:25:16
uses-feature#android.hardware.sensor.accelerometer
ADDED from AndroidManifest.xml:28:2
	android:required
		ADDED from AndroidManifest.xml:28:69
	android:name
		ADDED from AndroidManifest.xml:28:16
uses-feature#android.hardware.sensor.compass
ADDED from AndroidManifest.xml:31:2
	android:required
		ADDED from AndroidManifest.xml:31:63
	android:name
		ADDED from AndroidManifest.xml:31:16
supports-screens
ADDED from AndroidManifest.xml:34:2
	android:largeScreens
		ADDED from AndroidManifest.xml:35:33
	android:smallScreens
		ADDED from AndroidManifest.xml:35:4
	android:normalScreens
		ADDED from AndroidManifest.xml:36:4
	android:xlargeScreens
		ADDED from AndroidManifest.xml:37:4
	android:anyDensity
		ADDED from AndroidManifest.xml:36:33
uses-sdk
ADDED from AndroidManifest.xml:39:5
	android:targetSdkVersion
		ADDED from AndroidManifest.xml:41:9
		INJECTED from AndroidManifest.xml:0:0
		INJECTED from AndroidManifest.xml:0:0
	android:minSdkVersion
		ADDED from AndroidManifest.xml:40:9
		INJECTED from AndroidManifest.xml:0:0
		INJECTED from AndroidManifest.xml:0:0
application
ADDED from AndroidManifest.xml:45:5
	android:label
		ADDED from AndroidManifest.xml:48:9
	android:debuggable
		ADDED from AndroidManifest.xml:49:9
	android:allowBackup
		ADDED from AndroidManifest.xml:46:9
	android:icon
		ADDED from AndroidManifest.xml:47:9
	android:theme
		ADDED from AndroidManifest.xml:50:9
activity#com.wikitude.samples.MainActivity
ADDED from AndroidManifest.xml:52:9
	android:label
		ADDED from AndroidManifest.xml:54:13
	android:name
		ADDED from AndroidManifest.xml:53:13
intent-filter#android.intent.action.MAIN+android.intent.category.LAUNCHER
ADDED from AndroidManifest.xml:55:13
action#android.intent.action.MAIN
ADDED from AndroidManifest.xml:56:17
	android:name
		ADDED from AndroidManifest.xml:56:25
category#android.intent.category.LAUNCHER
ADDED from AndroidManifest.xml:58:17
	android:name
		ADDED from AndroidManifest.xml:58:27
activity#com.wikitude.mmi.MainGame
ADDED from AndroidManifest.xml:62:9
	android:label
		ADDED from AndroidManifest.xml:64:13
	android:name
		ADDED from AndroidManifest.xml:63:13
activity#com.wikitude.samples.MainSamplesListActivity
ADDED from AndroidManifest.xml:73:9
	android:name
		ADDED from AndroidManifest.xml:73:19
activity#com.wikitude.samples.SampleCamActivity
ADDED from AndroidManifest.xml:78:9
	android:configChanges
		ADDED from AndroidManifest.xml:78:73
	android:name
		ADDED from AndroidManifest.xml:78:19
activity#com.wikitude.mmi.MyCamActivity
ADDED from AndroidManifest.xml:79:9
	android:configChanges
		ADDED from AndroidManifest.xml:79:65
	android:name
		ADDED from AndroidManifest.xml:79:19
activity#com.wikitude.samples.utils.urllauncher.ARchitectUrlLauncherActivity
ADDED from AndroidManifest.xml:82:9
	android:label
		ADDED from AndroidManifest.xml:84:13
	android:name
		ADDED from AndroidManifest.xml:83:13
activity#com.wikitude.samples.utils.urllauncher.ARchitectUrlLauncherCamActivity
ADDED from AndroidManifest.xml:85:9
	android:label
		ADDED from AndroidManifest.xml:88:13
	android:configChanges
		ADDED from AndroidManifest.xml:87:13
	android:name
		ADDED from AndroidManifest.xml:86:13
activity#com.wikitude.tools.activities.MediaPlayerActivity
ADDED from AndroidManifest.xml:91:3
	android:screenOrientation
		ADDED from AndroidManifest.xml:92:4
	android:name
		ADDED from AndroidManifest.xml:91:13
intent-filter#android.intent.action.VIEW+android.intent.category.DEFAULT
ADDED from AndroidManifest.xml:93:4
action#android.intent.action.VIEW
ADDED from AndroidManifest.xml:94:5
	android:name
		ADDED from AndroidManifest.xml:94:13
category#android.intent.category.DEFAULT
ADDED from AndroidManifest.xml:95:5
	android:name
		ADDED from AndroidManifest.xml:95:15